2024-11-08 09:53:45,919 - INFO - Warming up GPU...
2024-11-08 09:53:46,082 - INFO - Initial GPU Memory: 0.00GB
2024-11-08 09:53:46,116 - INFO - Embedding network output shape: torch.Size([1, 64, 9, 9])
2024-11-08 09:53:46,200 - INFO - Relation module output shape: torch.Size([2, 1])
2024-11-08 09:53:46,200 - INFO - Model verification successful!
2024-11-08 09:53:46,204 - INFO - Configuration:
2024-11-08 09:53:46,204 - INFO - valid_dir: data/train/valid
2024-11-08 09:53:46,204 - INFO - invalid_dir: data/train/invalid
2024-11-08 09:53:46,204 - INFO - test_dir_valid: data/test/valid
2024-11-08 09:53:46,207 - INFO - test_dir_invalid: data/test/invalid
2024-11-08 09:53:46,207 - INFO - epochs: 100
2024-11-08 09:53:46,207 - INFO - episodes_per_epoch: 100
2024-11-08 09:53:46,207 - INFO - n_shot: 5
2024-11-08 09:53:46,207 - INFO - n_query: 15
2024-11-08 09:53:46,207 - INFO - learning_rate: 0.001
2024-11-08 09:53:46,207 - INFO - batch_size: 64
2024-11-08 09:53:46,207 - INFO - num_workers: 28
2024-11-08 09:53:46,207 - INFO - save_interval: 5
2024-11-08 09:53:46,207 - INFO - hidden_size: 8
2024-11-08 09:53:46,207 - INFO - dropout: 0.1
2024-11-08 09:53:46,207 - INFO - device: cuda
2024-11-08 09:53:46,207 - INFO - seed: 42
2024-11-08 09:53:46,207 - INFO - resume: None
2024-11-08 09:53:46,207 - INFO - debug: False
2024-11-08 09:53:46,208 - INFO - mixed_precision: fp16
2024-11-08 09:53:46,208 - INFO - prefetch_factor: 2
2024-11-08 09:53:46,208 - INFO - optimize_memory: True
2024-11-08 09:53:46,208 - INFO - 
Model Architecture:
2024-11-08 09:53:46,208 - INFO - 
Embedding Network:
2024-11-08 09:53:46,208 - INFO - EmbeddingNet(
  (encoder): Sequential(
    (0): ConvBlock(
      (conv): Conv2d(3, 64, kernel_size=(3, 3), stride=(1, 1), bias=False)
      (norm): GroupNorm(8, 64, eps=1e-05, affine=True)
      (pool): MaxPool2d(kernel_size=2, stride=2, padding=0, dilation=1, ceil_mode=False)
    )
    (1): ConvBlock(
      (conv): Conv2d(64, 64, kernel_size=(3, 3), stride=(1, 1), bias=False)
      (norm): GroupNorm(8, 64, eps=1e-05, affine=True)
      (pool): MaxPool2d(kernel_size=2, stride=2, padding=0, dilation=1, ceil_mode=False)
    )
    (2): ConvBlock(
      (conv): Conv2d(64, 64, kernel_size=(3, 3), stride=(1, 1), padding=(1, 1), bias=False)
      (norm): GroupNorm(8, 64, eps=1e-05, affine=True)
      (pool): MaxPool2d(kernel_size=2, stride=2, padding=0, dilation=1, ceil_mode=False)
    )
    (3): ConvBlock(
      (conv): Conv2d(64, 64, kernel_size=(3, 3), stride=(1, 1), padding=(1, 1), bias=False)
      (norm): GroupNorm(8, 64, eps=1e-05, affine=True)
      (pool): Identity()
    )
  )
)
2024-11-08 09:53:46,208 - INFO - 
Relation Module:
2024-11-08 09:53:46,208 - INFO - RelationModule(
  (conv_net): Sequential(
    (0): ConvBlock(
      (conv): Conv2d(128, 64, kernel_size=(3, 3), stride=(1, 1), padding=(1, 1), bias=False)
      (norm): GroupNorm(8, 64, eps=1e-05, affine=True)
      (pool): MaxPool2d(kernel_size=2, stride=2, padding=0, dilation=1, ceil_mode=False)
    )
    (1): ConvBlock(
      (conv): Conv2d(64, 64, kernel_size=(3, 3), stride=(1, 1), padding=(1, 1), bias=False)
      (norm): GroupNorm(8, 64, eps=1e-05, affine=True)
      (pool): MaxPool2d(kernel_size=2, stride=2, padding=0, dilation=1, ceil_mode=False)
    )
  )
  (classifier): Sequential(
    (0): Linear(in_features=256, out_features=8, bias=False)
    (1): LayerNorm((8,), eps=1e-05, elementwise_affine=True)
    (2): ReLU(inplace=True)
    (3): Linear(in_features=8, out_features=1, bias=True)
  )
)
2024-11-08 09:53:46,210 - INFO - Starting training...
2024-11-08 09:53:46,211 - ERROR - An error occurred during training
Traceback (most recent call last):
  File "C:\Users\patit\Documents\RelationNetworkDNI\main.py", line 629, in main
    trainer.train()
  File "C:\Users\patit\Documents\RelationNetworkDNI\main.py", line 471, in train
    loss, accuracy = self.train_episode(support_loader, query_loader)
                     ^^^^^^^^^^^^^^^^^^^^^^^^^^^^^^^^^^^^^^^^^^^^^^^^
  File "C:\Users\patit\Documents\RelationNetworkDNI\main.py", line 195, in train_episode
    with torch.amp.autocast():
         ^^^^^^^^^^^^^^^^^^^^
TypeError: autocast.__init__() missing 1 required positional argument: 'device_type'
2024-11-08 09:53:46,211 - INFO - Saving final checkpoint...
